Copyright 1986-2019 Xilinx, Inc. All Rights Reserved.
------------------------------------------------------------------------------------------------------
| Tool Version : Vivado v.2019.1 (win64) Build 2552052 Fri May 24 14:49:42 MDT 2019
| Date         : Mon May 25 22:38:08 2026
| Host         : DESKTOP-4VGBGQK running 64-bit major release  (build 9200)
| Command      : report_timing_summary -file ./reports_ps_lcd_bd_impl/ps_lcd_bd_post_route_timing.rpt
| Design       : design_1_wrapper
| Device       : 7z020-clg484
| Speed File   : -1  PRODUCTION 1.11 2014-09-11
------------------------------------------------------------------------------------------------------

Timing Summary Report

------------------------------------------------------------------------------------------------
| Timer Settings
| --------------
------------------------------------------------------------------------------------------------

  Enable Multi Corner Analysis               :  Yes
  Enable Pessimism Removal                   :  Yes
  Pessimism Removal Resolution               :  Nearest Common Node
  Enable Input Delay Default Clock           :  No
  Enable Preset / Clear Arcs                 :  No
  Disable Flight Delays                      :  No
  Ignore I/O Paths                           :  No
  Timing Early Launch at Borrowing Latches   :  No
  Borrow Time for Max Delay Exceptions       :  Yes

  Corner  Analyze    Analyze    
  Name    Max Paths  Min Paths  
  ------  ---------  ---------  
  Slow    Yes        Yes        
  Fast    Yes        Yes        



check_timing report

Table of Contents
-----------------
1. checking no_clock
2. checking constant_clock
3. checking pulse_width_clock
4. checking unconstrained_internal_endpoints
5. checking no_input_delay
6. checking no_output_delay
7. checking multiple_clock
8. checking generated_clocks
9. checking loops
10. checking partial_input_delay
11. checking partial_output_delay
12. checking latch_loops

1. checking no_clock
--------------------
 There are 170 register/latch pins with no clock driven by root clock pin: design_1_i/tftlcd_axi_0/inst/opclk_reg/Q (HIGH)


2. checking constant_clock
--------------------------
 There are 0 register/latch pins with constant_clock.


3. checking pulse_width_clock
-----------------------------
 There are 0 register/latch pins which need pulse_width check


4. checking unconstrained_internal_endpoints
--------------------------------------------
 There are 1382 pins that are not constrained for maximum delay. (HIGH)

 There are 0 pins that are not constrained for maximum delay due to constant clock.


5. checking no_input_delay
--------------------------
 There are 0 input ports with no input delay specified.

 There are 0 input ports with no input delay but user has a false path constraint.


6. checking no_output_delay
---------------------------
 There are 19 ports with no output delay specified. (HIGH)

 There are 0 ports with no output delay but user has a false path constraint

 There are 0 ports with no output delay but with a timing clock defined on it or propagating through it


7. checking multiple_clock
--------------------------
 There are 0 register/latch pins with multiple clocks.


8. checking generated_clocks
----------------------------
 There are 0 generated clocks that are not connected to a clock source.


9. checking loops
-----------------
 There are 0 combinational loops in the design.


10. checking partial_input_delay
--------------------------------
 There are 0 input ports with partial input delay specified.


11. checking partial_output_delay
---------------------------------
 There are 0 ports with partial output delay specified.


12. checking latch_loops
------------------------
 There are 0 combinational latch loops in the design through latch input



------------------------------------------------------------------------------------------------
| Design Timing Summary
| ---------------------
------------------------------------------------------------------------------------------------

    WNS(ns)      TNS(ns)  TNS Failing Endpoints  TNS Total Endpoints      WHS(ns)      THS(ns)  THS Failing Endpoints  THS Total Endpoints     WPWS(ns)     TPWS(ns)  TPWS Failing Endpoints  TPWS Total Endpoints  
    -------      -------  ---------------------  -------------------      -------      -------  ---------------------  -------------------     --------     --------  ----------------------  --------------------  
      0.074        0.000                      0                11196        0.072        0.000                      0                11196        4.020        0.000                       0                  3840  


All user specified timing constraints are met.


------------------------------------------------------------------------------------------------
| Clock Summary
| -------------
------------------------------------------------------------------------------------------------

Clock       Waveform(ns)       Period(ns)      Frequency(MHz)
-----       ------------       ----------      --------------
clk_fpga_0  {0.000 5.000}      10.000          100.000         
clk_fpga_1  {0.000 20.000}     40.000          25.000          


------------------------------------------------------------------------------------------------
| Intra Clock Table
| -----------------
------------------------------------------------------------------------------------------------

Clock             WNS(ns)      TNS(ns)  TNS Failing Endpoints  TNS Total Endpoints      WHS(ns)      THS(ns)  THS Failing Endpoints  THS Total Endpoints     WPWS(ns)     TPWS(ns)  TPWS Failing Endpoints  TPWS Total Endpoints  
-----             -------      -------  ---------------------  -------------------      -------      -------  ---------------------  -------------------     --------     --------  ----------------------  --------------------  
clk_fpga_0          0.074        0.000                      0                11194        0.072        0.000                      0                11194        4.020        0.000                       0                  3838  
clk_fpga_1         35.874        0.000                      0                    1        1.093        0.000                      0                    1       19.500        0.000                       0                     2  


------------------------------------------------------------------------------------------------
| Inter Clock Table
| -----------------
------------------------------------------------------------------------------------------------

From Clock    To Clock          WNS(ns)      TNS(ns)  TNS Failing Endpoints  TNS Total Endpoints      WHS(ns)      THS(ns)  THS Failing Endpoints  THS Total Endpoints  
----------    --------          -------      -------  ---------------------  -------------------      -------      -------  ---------------------  -------------------  


------------------------------------------------------------------------------------------------
| Other Path Groups Table
| -----------------------
------------------------------------------------------------------------------------------------

Path Group         From Clock         To Clock               WNS(ns)      TNS(ns)  TNS Failing Endpoints  TNS Total Endpoints      WHS(ns)      THS(ns)  THS Failing Endpoints  THS Total Endpoints  
----------         ----------         --------               -------      -------  ---------------------  -------------------      -------      -------  ---------------------  -------------------  
**async_default**  clk_fpga_0         clk_fpga_1               4.452        0.000                      0                    1        0.868        0.000                      0                    1  


------------------------------------------------------------------------------------------------
| Timing Details
| --------------
------------------------------------------------------------------------------------------------


---------------------------------------------------------------------------------------------------
From Clock:  clk_fpga_0
  To Clock:  clk_fpga_0

Setup :            0  Failing Endpoints,  Worst Slack        0.074ns,  Total Violation        0.000ns
Hold  :            0  Failing Endpoints,  Worst Slack        0.072ns,  Total Violation        0.000ns
PW    :            0  Failing Endpoints,  Worst Slack        4.020ns,  Total Violation        0.000ns
---------------------------------------------------------------------------------------------------


Max Delay Paths
--------------------------------------------------------------------------------------
Slack (MET) :             0.074ns  (required time - arrival time)
  Source:                 design_1_i/rv32i_axi_0/inst/u_system/icpu/i_datapath/i_cnn_alu_top/grp_mac_pack4_delta_fu_441/ap_CS_fsm_reg[3]/C
                            (rising edge-triggered cell FDRE clocked by clk_fpga_0  {rise@0.000ns fall@5.000ns period=10.000ns})
  Destination:            design_1_i/rv32i_axi_0/inst/u_system/icpu/i_datapath/i_cnn_alu_top/p_0_reg_2381_reg[17]/D
                            (rising edge-triggered cell FDRE clocked by clk_fpga_0  {rise@0.000ns fall@5.000ns period=10.000ns})
  Path Group:             clk_fpga_0
  Path Type:              Setup (Max at Slow Process Corner)
  Requirement:            10.000ns  (clk_fpga_0 rise@10.000ns - clk_fpga_0 rise@0.000ns)
  Data Path Delay:        9.778ns  (logic 4.776ns (48.843%)  route 5.002ns (51.157%))
  Logic Levels:           14  (CARRY4=7 LUT2=2 LUT3=2 LUT4=1 LUT6=2)
  Clock Path Skew:        -0.056ns (DCD - SCD + CPR)
    Destination Clock Delay (DCD):    2.721ns = ( 12.722 - 10.000 ) 
    Source Clock Delay      (SCD):    3.007ns
    Clock Pessimism Removal (CPR):    0.230ns
  Clock Uncertainty:      0.154ns  ((TSJ^2 + TIJ^2)^1/2 + DJ) / 2 + PE
    Total System Jitter     (TSJ):    0.071ns
    Total Input Jitter      (TIJ):    0.300ns
    Discrete Jitter          (DJ):    0.000ns
    Phase Error              (PE):    0.000ns

    Location             Delay type                Incr(ns)  Path(ns)    Netlist Resource(s)
  -------------------------------------------------------------------    -------------------
                         (clock clk_fpga_0 rise edge)
                                                      0.000     0.000 r  
    PS7_X0Y0             PS7                          0.000     0.000 r  design_1_i/ps7_0/inst/PS7_i/FCLKCLK[0]
                         net (fo=1, routed)           1.193     1.193    design_1_i/ps7_0/inst/FCLK_CLK_unbuffered[0]
    BUFGCTRL_X0Y16       BUFG (Prop_bufg_I_O)         0.101     1.294 r  design_1_i/ps7_0/inst/buffer_fclk_clk_0.FCLK_CLK_0_BUFG/O
                         net (fo=3842, routed)        1.713     3.007    design_1_i/rv32i_axi_0/inst/u_system/icpu/i_datapath/i_cnn_alu_top/grp_mac_pack4_delta_fu_441/s_axi_aclk
    SLICE_X63Y26         FDRE                                         r  design_1_i/rv32i_axi_0/inst/u_system/icpu/i_datapath/i_cnn_alu_top/grp_mac_pack4_delta_fu_441/ap_CS_fsm_reg[3]/C
  -------------------------------------------------------------------    -------------------
    SLICE_X63Y26         FDRE (Prop_fdre_C_Q)         0.456     3.463 r  design_1_i/rv32i_axi_0/inst/u_system/icpu/i_datapath/i_cnn_alu_top/grp_mac_pack4_delta_fu_441/ap_CS_fsm_reg[3]/Q
                         net (fo=109, routed)         0.886     4.349    design_1_i/rv32i_axi_0/inst/u_system/icpu/i_datapath/i_cnn_alu_top/grp_mac_pack4_delta_fu_441/grp_mac_pack4_delta_fu_441_ap_ready
    SLICE_X63Y21         LUT3 (Prop_lut3_I1_O)        0.124     4.473 r  design_1_i/rv32i_axi_0/inst/u_system/icpu/i_datapath/i_cnn_alu_top/grp_mac_pack4_delta_fu_441/grp_fu_45_p2__0_carry_i_12/O
                         net (fo=14, routed)          0.875     5.348    design_1_i/rv32i_axi_0/inst/u_system/icpu/i_datapath/i_cnn_alu_top/grp_mac_pack4_delta_fu_441/A[3]
    SLICE_X62Y22         LUT6 (Prop_lut6_I5_O)        0.124     5.472 r  design_1_i/rv32i_axi_0/inst/u_system/icpu/i_datapath/i_cnn_alu_top/grp_mac_pack4_delta_fu_441/grp_fu_45_p2__0_carry__0_i_4/O
                         net (fo=2, routed)           0.575     6.047    design_1_i/rv32i_axi_0/inst/u_system/icpu/i_datapath/i_cnn_alu_top/grp_mac_pack4_delta_fu_441/grp_fu_45_p2__0_carry__0_i_4_n_2
    SLICE_X61Y22         LUT6 (Prop_lut6_I0_O)        0.124     6.171 r  design_1_i/rv32i_axi_0/inst/u_system/icpu/i_datapath/i_cnn_alu_top/grp_mac_pack4_delta_fu_441/grp_fu_45_p2__0_carry__0_i_8/O
                         net (fo=1, routed)           0.000     6.171    design_1_i/rv32i_axi_0/inst/u_system/icpu/i_datapath/i_cnn_alu_top/grp_mac_pack4_delta_fu_441/grp_fu_45_p2__0_carry__0_i_8_n_2
    SLICE_X61Y22         CARRY4 (Prop_carry4_S[0]_O[2])
                                                      0.547     6.718 r  design_1_i/rv32i_axi_0/inst/u_system/icpu/i_datapath/i_cnn_alu_top/grp_mac_pack4_delta_fu_441/grp_fu_45_p2__0_carry__0/O[2]
                         net (fo=2, routed)           0.645     7.363    design_1_i/rv32i_axi_0/inst/u_system/icpu/i_datapath/i_cnn_alu_top/grp_mac_pack4_delta_fu_441/grp_fu_45_p2__0_carry__0_n_7
    SLICE_X62Y25         LUT3 (Prop_lut3_I2_O)        0.302     7.665 r  design_1_i/rv32i_axi_0/inst/u_system/icpu/i_datapath/i_cnn_alu_top/grp_mac_pack4_delta_fu_441/grp_fu_45_p2__86_carry__0_i_4/O
                         net (fo=2, routed)           0.957     8.622    design_1_i/rv32i_axi_0/inst/u_system/icpu/i_datapath/i_cnn_alu_top/grp_mac_pack4_delta_fu_441/grp_fu_45_p2__86_carry__0_i_4_n_2
    SLICE_X61Y25         LUT4 (Prop_lut4_I3_O)        0.124     8.746 r  design_1_i/rv32i_axi_0/inst/u_system/icpu/i_datapath/i_cnn_alu_top/grp_mac_pack4_delta_fu_441/grp_fu_45_p2__86_carry__0_i_8/O
                         net (fo=1, routed)           0.000     8.746    design_1_i/rv32i_axi_0/inst/u_system/icpu/i_datapath/i_cnn_alu_top/grp_mac_pack4_delta_fu_441/grp_fu_45_p2__86_carry__0_i_8_n_2
    SLICE_X61Y25         CARRY4 (Prop_carry4_S[0]_CO[3])
                                                      0.532     9.278 r  design_1_i/rv32i_axi_0/inst/u_system/icpu/i_datapath/i_cnn_alu_top/grp_mac_pack4_delta_fu_441/grp_fu_45_p2__86_carry__0/CO[3]
                         net (fo=1, routed)           0.000     9.278    design_1_i/rv32i_axi_0/inst/u_system/icpu/i_datapath/i_cnn_alu_top/grp_mac_pack4_delta_fu_441/grp_fu_45_p2__86_carry__0_n_2
    SLICE_X61Y26         CARRY4 (Prop_carry4_CI_O[0])
                                                      0.222     9.500 r  design_1_i/rv32i_axi_0/inst/u_system/icpu/i_datapath/i_cnn_alu_top/grp_mac_pack4_delta_fu_441/grp_fu_45_p2__86_carry__1/O[0]
                         net (fo=2, routed)           0.597    10.097    design_1_i/rv32i_axi_0/inst/u_system/icpu/i_datapath/i_cnn_alu_top/grp_mac_pack4_delta_fu_441/C[11]
    SLICE_X65Y26         LUT2 (Prop_lut2_I0_O)        0.299    10.396 r  design_1_i/rv32i_axi_0/inst/u_system/icpu/i_datapath/i_cnn_alu_top/grp_mac_pack4_delta_fu_441/add_ln1353_2_fu_206_p2_carry__1_i_1/O
                         net (fo=1, routed)           0.000    10.396    design_1_i/rv32i_axi_0/inst/u_system/icpu/i_datapath/i_cnn_alu_top/grp_mac_pack4_delta_fu_441/add_ln1353_2_fu_206_p2_carry__1_i_1_n_2
    SLICE_X65Y26         CARRY4 (Prop_carry4_S[3]_CO[3])
                                                      0.401    10.797 r  design_1_i/rv32i_axi_0/inst/u_system/icpu/i_datapath/i_cnn_alu_top/grp_mac_pack4_delta_fu_441/add_ln1353_2_fu_206_p2_carry__1/CO[3]
                         net (fo=1, routed)           0.000    10.797    design_1_i/rv32i_axi_0/inst/u_system/icpu/i_datapath/i_cnn_alu_top/grp_mac_pack4_delta_fu_441/add_ln1353_2_fu_206_p2_carry__1_n_2
    SLICE_X65Y27         CARRY4 (Prop_carry4_CI_O[1])
                                                      0.334    11.131 r  design_1_i/rv32i_axi_0/inst/u_system/icpu/i_datapath/i_cnn_alu_top/grp_mac_pack4_delta_fu_441/add_ln1353_2_fu_206_p2_carry__2/O[1]
                         net (fo=2, routed)           0.467    11.598    design_1_i/rv32i_axi_0/inst/u_system/icpu/i_datapath/i_cnn_alu_top/grp_mac_pack4_delta_fu_441/sext_ln1353_2_fu_212_p1[13]
    SLICE_X59Y27         LUT2 (Prop_lut2_I1_O)        0.303    11.901 r  design_1_i/rv32i_axi_0/inst/u_system/icpu/i_datapath/i_cnn_alu_top/grp_mac_pack4_delta_fu_441/ap_return_carry__2_i_3/O
                         net (fo=1, routed)           0.000    11.901    design_1_i/rv32i_axi_0/inst/u_system/icpu/i_datapath/i_cnn_alu_top/grp_mac_pack4_delta_fu_441/ap_return_carry__2_i_3_n_2
    SLICE_X59Y27         CARRY4 (Prop_carry4_S[1]_CO[3])
                                                      0.550    12.451 r  design_1_i/rv32i_axi_0/inst/u_system/icpu/i_datapath/i_cnn_alu_top/grp_mac_pack4_delta_fu_441/ap_return_carry__2/CO[3]
                         net (fo=1, routed)           0.000    12.451    design_1_i/rv32i_axi_0/inst/u_system/icpu/i_datapath/i_cnn_alu_top/grp_mac_pack4_delta_fu_441/ap_return_carry__2_n_2
    SLICE_X59Y28         CARRY4 (Prop_carry4_CI_O[1])
                                                      0.334    12.785 r  design_1_i/rv32i_axi_0/inst/u_system/icpu/i_datapath/i_cnn_alu_top/grp_mac_pack4_delta_fu_441/ap_return_carry__3/O[1]
                         net (fo=1, routed)           0.000    12.785    design_1_i/rv32i_axi_0/inst/u_system/icpu/i_datapath/i_cnn_alu_top/grp_mac_pack4_delta_fu_441_ap_return[17]
    SLICE_X59Y28         FDRE                                         r  design_1_i/rv32i_axi_0/inst/u_system/icpu/i_datapath/i_cnn_alu_top/p_0_reg_2381_reg[17]/D
  -------------------------------------------------------------------    -------------------

                         (clock clk_fpga_0 rise edge)
                                                     10.000    10.000 r  
    PS7_X0Y0             PS7                          0.000    10.000 r  design_1_i/ps7_0/inst/PS7_i/FCLKCLK[0]
                         net (fo=1, routed)           1.088    11.088    design_1_i/ps7_0/inst/FCLK_CLK_unbuffered[0]
    BUFGCTRL_X0Y16       BUFG (Prop_bufg_I_O)         0.091    11.179 r  design_1_i/ps7_0/inst/buffer_fclk_clk_0.FCLK_CLK_0_BUFG/O
                         net (fo=3842, routed)        1.542    12.722    design_1_i/rv32i_axi_0/inst/u_system/icpu/i_datapath/i_cnn_alu_top/s_axi_aclk
    SLICE_X59Y28         FDRE                                         r  design_1_i/rv32i_axi_0/inst/u_system/icpu/i_datapath/i_cnn_alu_top/p_0_reg_2381_reg[17]/C
                         clock pessimism              0.230    12.951    
                         clock uncertainty           -0.154    12.797    
    SLICE_X59Y28         FDRE (Setup_fdre_C_D)        0.062    12.859    design_1_i/rv32i_axi_0/inst/u_system/icpu/i_datapath/i_cnn_alu_top/p_0_reg_2381_reg[17]
  -------------------------------------------------------------------
                         required time                         12.859    
                         arrival time                         -12.785    
  -------------------------------------------------------------------
                         slack                                  0.074    





Min Delay Paths
--------------------------------------------------------------------------------------
Slack (MET) :             0.072ns  (arrival time - required time)
  Source:                 design_1_i/rv32i_axi_0/inst/u_system/icpu/i_datapath/IFID_inst_reg[15]/C
                            (rising edge-triggered cell FDRE clocked by clk_fpga_0  {rise@0.000ns fall@5.000ns period=10.000ns})
  Destination:            design_1_i/rv32i_axi_0/inst/u_system/icpu/i_datapath/IDEX_rs1_data_reg[30]/D
                            (rising edge-triggered cell FDRE clocked by clk_fpga_0  {rise@0.000ns fall@5.000ns period=10.000ns})
  Path Group:             clk_fpga_0
  Path Type:              Hold (Min at Fast Process Corner)
  Requirement:            0.000ns  (clk_fpga_0 rise@0.000ns - clk_fpga_0 rise@0.000ns)
  Data Path Delay:        0.422ns  (logic 0.186ns (44.052%)  route 0.236ns (55.948%))
  Logic Levels:           1  (LUT5=1)
  Clock Path Skew:        0.259ns (DCD - SCD - CPR)
    Destination Clock Delay (DCD):    1.192ns
    Source Clock Delay      (SCD):    0.898ns
    Clock Pessimism Removal (CPR):    0.035ns

    Location             Delay type                Incr(ns)  Path(ns)    Netlist Resource(s)
  -------------------------------------------------------------------    -------------------
                         (clock clk_fpga_0 rise edge)
                                                      0.000     0.000 r  
    PS7_X0Y0             PS7                          0.000     0.000 r  design_1_i/ps7_0/inst/PS7_i/FCLKCLK[0]
                         net (fo=1, routed)           0.310     0.310    design_1_i/ps7_0/inst/FCLK_CLK_unbuffered[0]
    BUFGCTRL_X0Y16       BUFG (Prop_bufg_I_O)         0.026     0.336 r  design_1_i/ps7_0/inst/buffer_fclk_clk_0.FCLK_CLK_0_BUFG/O
                         net (fo=3842, routed)        0.562     0.898    design_1_i/rv32i_axi_0/inst/u_system/icpu/i_datapath/s_axi_aclk
    SLICE_X48Y47         FDRE                                         r  design_1_i/rv32i_axi_0/inst/u_system/icpu/i_datapath/IFID_inst_reg[15]/C
  -------------------------------------------------------------------    -------------------
    SLICE_X48Y47         FDRE (Prop_fdre_C_Q)         0.141     1.039 r  design_1_i/rv32i_axi_0/inst/u_system/icpu/i_datapath/IFID_inst_reg[15]/Q
                         net (fo=36, routed)          0.236     1.275    design_1_i/rv32i_axi_0/inst/u_system/icpu/i_datapath/i_regfile/IDEX_rs2_data_reg[10]_i_4_0[0]
    SLICE_X52Y48         LUT5 (Prop_lut5_I2_O)        0.045     1.320 r  design_1_i/rv32i_axi_0/inst/u_system/icpu/i_datapath/i_regfile/IDEX_rs1_data[30]_i_1/O
                         net (fo=1, routed)           0.000     1.320    design_1_i/rv32i_axi_0/inst/u_system/icpu/i_datapath/rs1_data[30]
    SLICE_X52Y48         FDRE                                         r  design_1_i/rv32i_axi_0/inst/u_system/icpu/i_datapath/IDEX_rs1_data_reg[30]/D
  -------------------------------------------------------------------    -------------------

                         (clock clk_fpga_0 rise edge)
                                                      0.000     0.000 r  
    PS7_X0Y0             PS7                          0.000     0.000 r  design_1_i/ps7_0/inst/PS7_i/FCLKCLK[0]
                         net (fo=1, routed)           0.337     0.337    design_1_i/ps7_0/inst/FCLK_CLK_unbuffered[0]
    BUFGCTRL_X0Y16       BUFG (Prop_bufg_I_O)         0.029     0.366 r  design_1_i/ps7_0/inst/buffer_fclk_clk_0.FCLK_CLK_0_BUFG/O
                         net (fo=3842, routed)        0.826     1.192    design_1_i/rv32i_axi_0/inst/u_system/icpu/i_datapath/s_axi_aclk
    SLICE_X52Y48         FDRE                                         r  design_1_i/rv32i_axi_0/inst/u_system/icpu/i_datapath/IDEX_rs1_data_reg[30]/C
                         clock pessimism             -0.035     1.157    
    SLICE_X52Y48         FDRE (Hold_fdre_C_D)         0.091     1.248    design_1_i/rv32i_axi_0/inst/u_system/icpu/i_datapath/IDEX_rs1_data_reg[30]
  -------------------------------------------------------------------
                         required time                         -1.248    
                         arrival time                           1.320    
  -------------------------------------------------------------------
                         slack                                  0.072    





Pulse Width Checks
--------------------------------------------------------------------------------------
Clock Name:         clk_fpga_0
Waveform(ns):       { 0.000 5.000 }
Period(ns):         10.000
Sources:            { design_1_i/ps7_0/inst/PS7_i/FCLKCLK[0] }

Check Type        Corner  Lib Pin      Reference Pin  Required(ns)  Actual(ns)  Slack(ns)  Location      Pin
Min Period        n/a     DSP48E1/CLK  n/a            3.884         10.000      6.116      DSP48_X3Y13   design_1_i/rv32i_axi_0/inst/u_system/icpu/i_datapath/i_cnn_alu_top/product_V_1_reg_2339_reg__0/CLK
Low Pulse Width   Fast    SRLC32E/CLK  n/a            0.980         5.000       4.020      SLICE_X30Y78  design_1_i/axi_interconnect_0/s00_couplers/auto_pc/inst/gen_axilite.gen_b2s_conv.axilite_b2s/RD.r_channel_0/rd_data_fifo_0/memory_reg[31][11]_srl32/CLK
High Pulse Width  Slow    SRLC32E/CLK  n/a            0.980         5.000       4.020      SLICE_X30Y78  design_1_i/axi_interconnect_0/s00_couplers/auto_pc/inst/gen_axilite.gen_b2s_conv.axilite_b2s/RD.r_channel_0/rd_data_fifo_0/memory_reg[31][11]_srl32/CLK



---------------------------------------------------------------------------------------------------
From Clock:  clk_fpga_1
  To Clock:  clk_fpga_1

Setup :            0  Failing Endpoints,  Worst Slack       35.874ns,  Total Violation        0.000ns
Hold  :            0  Failing Endpoints,  Worst Slack        1.093ns,  Total Violation        0.000ns
PW    :            0  Failing Endpoints,  Worst Slack       19.500ns,  Total Violation        0.000ns
---------------------------------------------------------------------------------------------------


Max Delay Paths
--------------------------------------------------------------------------------------
Slack (MET) :             35.874ns  (required time - arrival time)
  Source:                 design_1_i/tftlcd_axi_0/inst/opclk_reg/C
                            (falling edge-triggered cell FDCE clocked by clk_fpga_1  {rise@0.000ns fall@20.000ns period=40.000ns})
  Destination:            design_1_i/tftlcd_axi_0/inst/opclk_reg/D
                            (falling edge-triggered cell FDCE clocked by clk_fpga_1  {rise@0.000ns fall@20.000ns period=40.000ns})
  Path Group:             clk_fpga_1
  Path Type:              Setup (Max at Slow Process Corner)
  Requirement:            40.000ns  (clk_fpga_1 fall@60.000ns - clk_fpga_1 fall@20.000ns)
  Data Path Delay:        3.557ns  (logic 0.684ns (19.230%)  route 2.873ns (80.770%))
  Logic Levels:           2  (BUFG=1 LUT1=1)
  Clock Path Skew:        0.000ns (DCD - SCD + CPR)
    Destination Clock Delay (DCD):    2.672ns = ( 62.672 - 60.000 ) 
    Source Clock Delay      (SCD):    2.961ns = ( 22.961 - 20.000 ) 
    Clock Pessimism Removal (CPR):    0.289ns
  Clock Uncertainty:      0.601ns  ((TSJ^2 + TIJ^2)^1/2 + DJ) / 2 + PE
    Total System Jitter     (TSJ):    0.071ns
    Total Input Jitter      (TIJ):    1.200ns
    Discrete Jitter          (DJ):    0.000ns
    Phase Error              (PE):    0.000ns

    Location             Delay type                Incr(ns)  Path(ns)    Netlist Resource(s)
  -------------------------------------------------------------------    -------------------
                         (clock clk_fpga_1 fall edge)
                                                     20.000    20.000 f  
    PS7_X0Y0             PS7                          0.000    20.000 f  design_1_i/ps7_0/inst/PS7_i/FCLKCLK[1]
                         net (fo=1, routed)           1.193    21.193    design_1_i/ps7_0/inst/FCLK_CLK_unbuffered[1]
    BUFGCTRL_X0Y17       BUFG (Prop_bufg_I_O)         0.101    21.294 f  design_1_i/ps7_0/inst/buffer_fclk_clk_1.FCLK_CLK_1_BUFG/O
                         net (fo=1, routed)           1.667    22.961    design_1_i/tftlcd_axi_0/inst/lcd_clk
    SLICE_X49Y46         FDCE                                         r  design_1_i/tftlcd_axi_0/inst/opclk_reg/C  (IS_INVERTED)
  -------------------------------------------------------------------    -------------------
    SLICE_X49Y46         FDCE (Prop_fdce_C_Q)         0.459    23.420 f  design_1_i/tftlcd_axi_0/inst/opclk_reg/Q
                         net (fo=1, routed)           0.719    24.139    design_1_i/tftlcd_axi_0/inst/opclk
    BUFGCTRL_X0Y0        BUFG (Prop_bufg_I_O)         0.101    24.240 f  design_1_i/tftlcd_axi_0/inst/opclk_BUFG_inst/O
                         net (fo=172, routed)         2.154    26.394    design_1_i/tftlcd_axi_0/inst/opclk_BUFG
    SLICE_X49Y46         LUT1 (Prop_lut1_I0_O)        0.124    26.518 r  design_1_i/tftlcd_axi_0/inst/opclk_i_1/O
                         net (fo=1, routed)           0.000    26.518    design_1_i/tftlcd_axi_0/inst/opclk_i_1_n_0
    SLICE_X49Y46         FDCE                                         r  design_1_i/tftlcd_axi_0/inst/opclk_reg/D
  -------------------------------------------------------------------    -------------------

                         (clock clk_fpga_1 fall edge)
                                                     60.000    60.000 f  
    PS7_X0Y0             PS7                          0.000    60.000 f  design_1_i/ps7_0/inst/PS7_i/FCLKCLK[1]
                         net (fo=1, routed)           1.088    61.088    design_1_i/ps7_0/inst/FCLK_CLK_unbuffered[1]
    BUFGCTRL_X0Y17       BUFG (Prop_bufg_I_O)         0.091    61.179 f  design_1_i/ps7_0/inst/buffer_fclk_clk_1.FCLK_CLK_1_BUFG/O
                         net (fo=1, routed)           1.493    62.672    design_1_i/tftlcd_axi_0/inst/lcd_clk
    SLICE_X49Y46         FDCE                                         r  design_1_i/tftlcd_axi_0/inst/opclk_reg/C  (IS_INVERTED)
                         clock pessimism              0.289    62.961    
                         clock uncertainty           -0.601    62.360    
    SLICE_X49Y46         FDCE (Setup_fdce_C_D)        0.032    62.392    design_1_i/tftlcd_axi_0/inst/opclk_reg
  -------------------------------------------------------------------
                         required time                         62.392    
                         arrival time                         -26.518    
  -------------------------------------------------------------------
                         slack                                 35.874    





Min Delay Paths
--------------------------------------------------------------------------------------
Slack (MET) :             1.093ns  (arrival time - required time)
  Source:                 design_1_i/tftlcd_axi_0/inst/opclk_reg/C
                            (falling edge-triggered cell FDCE clocked by clk_fpga_1  {rise@0.000ns fall@20.000ns period=40.000ns})
  Destination:            design_1_i/tftlcd_axi_0/inst/opclk_reg/D
                            (falling edge-triggered cell FDCE clocked by clk_fpga_1  {rise@0.000ns fall@20.000ns period=40.000ns})
  Path Group:             clk_fpga_1
  Path Type:              Hold (Min at Fast Process Corner)
  Requirement:            0.000ns  (clk_fpga_1 fall@20.000ns - clk_fpga_1 fall@20.000ns)
  Data Path Delay:        1.191ns  (logic 0.217ns (18.212%)  route 0.974ns (81.788%))
  Logic Levels:           2  (BUFG=1 LUT1=1)
  Clock Path Skew:        0.000ns (DCD - SCD - CPR)
    Destination Clock Delay (DCD):    1.195ns = ( 21.195 - 20.000 ) 
    Source Clock Delay      (SCD):    0.897ns = ( 20.897 - 20.000 ) 
    Clock Pessimism Removal (CPR):    0.299ns

    Location             Delay type                Incr(ns)  Path(ns)    Netlist Resource(s)
  -------------------------------------------------------------------    -------------------
                         (clock clk_fpga_1 fall edge)
                                                     20.000    20.000 f  
    PS7_X0Y0             PS7                          0.000    20.000 f  design_1_i/ps7_0/inst/PS7_i/FCLKCLK[1]
                         net (fo=1, routed)           0.310    20.310    design_1_i/ps7_0/inst/FCLK_CLK_unbuffered[1]
    BUFGCTRL_X0Y17       BUFG (Prop_bufg_I_O)         0.026    20.336 f  design_1_i/ps7_0/inst/buffer_fclk_clk_1.FCLK_CLK_1_BUFG/O
                         net (fo=1, routed)           0.561    20.896    design_1_i/tftlcd_axi_0/inst/lcd_clk
    SLICE_X49Y46         FDCE                                         r  design_1_i/tftlcd_axi_0/inst/opclk_reg/C  (IS_INVERTED)
  -------------------------------------------------------------------    -------------------
    SLICE_X49Y46         FDCE (Prop_fdce_C_Q)         0.146    21.042 f  design_1_i/tftlcd_axi_0/inst/opclk_reg/Q
                         net (fo=1, routed)           0.257    21.300    design_1_i/tftlcd_axi_0/inst/opclk
    BUFGCTRL_X0Y0        BUFG (Prop_bufg_I_O)         0.026    21.326 f  design_1_i/tftlcd_axi_0/inst/opclk_BUFG_inst/O
                         net (fo=172, routed)         0.717    22.043    design_1_i/tftlcd_axi_0/inst/opclk_BUFG
    SLICE_X49Y46         LUT1 (Prop_lut1_I0_O)        0.045    22.088 r  design_1_i/tftlcd_axi_0/inst/opclk_i_1/O
                         net (fo=1, routed)           0.000    22.088    design_1_i/tftlcd_axi_0/inst/opclk_i_1_n_0
    SLICE_X49Y46         FDCE                                         r  design_1_i/tftlcd_axi_0/inst/opclk_reg/D
  -------------------------------------------------------------------    -------------------

                         (clock clk_fpga_1 fall edge)
                                                     20.000    20.000 f  
    PS7_X0Y0             PS7                          0.000    20.000 f  design_1_i/ps7_0/inst/PS7_i/FCLKCLK[1]
                         net (fo=1, routed)           0.337    20.337    design_1_i/ps7_0/inst/FCLK_CLK_unbuffered[1]
    BUFGCTRL_X0Y17       BUFG (Prop_bufg_I_O)         0.029    20.366 f  design_1_i/ps7_0/inst/buffer_fclk_clk_1.FCLK_CLK_1_BUFG/O
                         net (fo=1, routed)           0.829    21.195    design_1_i/tftlcd_axi_0/inst/lcd_clk
    SLICE_X49Y46         FDCE                                         r  design_1_i/tftlcd_axi_0/inst/opclk_reg/C  (IS_INVERTED)
                         clock pessimism             -0.299    20.896    
    SLICE_X49Y46         FDCE (Hold_fdce_C_D)         0.098    20.994    design_1_i/tftlcd_axi_0/inst/opclk_reg
  -------------------------------------------------------------------
                         required time                        -20.994    
                         arrival time                          22.088    
  -------------------------------------------------------------------
                         slack                                  1.093    





Pulse Width Checks
--------------------------------------------------------------------------------------
Clock Name:         clk_fpga_1
Waveform(ns):       { 0.000 20.000 }
Period(ns):         40.000
Sources:            { design_1_i/ps7_0/inst/PS7_i/FCLKCLK[1] }

Check Type        Corner  Lib Pin  Reference Pin  Required(ns)  Actual(ns)  Slack(ns)  Location        Pin
Min Period        n/a     BUFG/I   n/a            2.155         40.000      37.845     BUFGCTRL_X0Y17  design_1_i/ps7_0/inst/buffer_fclk_clk_1.FCLK_CLK_1_BUFG/I
Low Pulse Width   Slow    FDCE/C   n/a            0.500         20.000      19.500     SLICE_X49Y46    design_1_i/tftlcd_axi_0/inst/opclk_reg/C
High Pulse Width  Slow    FDCE/C   n/a            0.500         20.000      19.500     SLICE_X49Y46    design_1_i/tftlcd_axi_0/inst/opclk_reg/C



---------------------------------------------------------------------------------------------------
Path Group:  **async_default**
From Clock:  clk_fpga_0
  To Clock:  clk_fpga_1

Setup :            0  Failing Endpoints,  Worst Slack        4.452ns,  Total Violation        0.000ns
Hold  :            0  Failing Endpoints,  Worst Slack        0.868ns,  Total Violation        0.000ns
---------------------------------------------------------------------------------------------------


Max Delay Paths
--------------------------------------------------------------------------------------
Slack (MET) :             4.452ns  (required time - arrival time)
  Source:                 design_1_i/rst_ps7_0_100M/U0/ACTIVE_LOW_PR_OUT_DFF[0].FDRE_PER_N/C
                            (rising edge-triggered cell FDRE clocked by clk_fpga_0  {rise@0.000ns fall@5.000ns period=10.000ns})
  Destination:            design_1_i/tftlcd_axi_0/inst/opclk_reg/CLR
                            (recovery check against rising-edge clock clk_fpga_1  {rise@0.000ns fall@20.000ns period=40.000ns})
  Path Group:             **async_default**
  Path Type:              Recovery (Max at Slow Process Corner)
  Requirement:            10.000ns  (clk_fpga_1 fall@20.000ns - clk_fpga_0 rise@10.000ns)
  Data Path Delay:        4.271ns  (logic 0.580ns (13.581%)  route 3.691ns (86.419%))
  Logic Levels:           1  (LUT1=1)
  Clock Path Skew:        -0.256ns (DCD - SCD + CPR)
    Destination Clock Delay (DCD):    2.672ns = ( 22.672 - 20.000 ) 
    Source Clock Delay      (SCD):    2.928ns = ( 12.928 - 10.000 ) 
    Clock Pessimism Removal (CPR):    0.000ns
  Clock Uncertainty:      0.619ns  ((TSJ^2 + TIJ^2)^1/2 + DJ) / 2 + PE
    Total System Jitter     (TSJ):    0.071ns
    Total Input Jitter      (TIJ):    1.237ns
    Discrete Jitter          (DJ):    0.000ns
    Phase Error              (PE):    0.000ns
  Clock Domain Crossing:  Inter clock paths are considered valid unless explicitly excluded by timing constraints such as set_clock_groups or set_false_path.

    Location             Delay type                Incr(ns)  Path(ns)    Netlist Resource(s)
  -------------------------------------------------------------------    -------------------
                         (clock clk_fpga_0 rise edge)
                                                     10.000    10.000 r  
    PS7_X0Y0             PS7                          0.000    10.000 r  design_1_i/ps7_0/inst/PS7_i/FCLKCLK[0]
                         net (fo=1, routed)           1.193    11.193    design_1_i/ps7_0/inst/FCLK_CLK_unbuffered[0]
    BUFGCTRL_X0Y16       BUFG (Prop_bufg_I_O)         0.101    11.294 r  design_1_i/ps7_0/inst/buffer_fclk_clk_0.FCLK_CLK_0_BUFG/O
                         net (fo=3842, routed)        1.634    12.928    design_1_i/rst_ps7_0_100M/U0/slowest_sync_clk
    SLICE_X37Y76         FDRE                                         r  design_1_i/rst_ps7_0_100M/U0/ACTIVE_LOW_PR_OUT_DFF[0].FDRE_PER_N/C
  -------------------------------------------------------------------    -------------------
    SLICE_X37Y76         FDRE (Prop_fdre_C_Q)         0.456    13.384 r  design_1_i/rst_ps7_0_100M/U0/ACTIVE_LOW_PR_OUT_DFF[0].FDRE_PER_N/Q
                         net (fo=11, routed)          1.608    14.992    design_1_i/tftlcd_axi_0/inst/s_axi_aresetn
    SLICE_X34Y67         LUT1 (Prop_lut1_I0_O)        0.124    15.116 f  design_1_i/tftlcd_axi_0/inst/s_axi_awready_i_1/O
                         net (fo=142, routed)         2.083    17.199    design_1_i/tftlcd_axi_0/inst/s_axi_awready_i_1_n_0
    SLICE_X49Y46         FDCE                                         f  design_1_i/tftlcd_axi_0/inst/opclk_reg/CLR
  -------------------------------------------------------------------    -------------------

                         (clock clk_fpga_1 fall edge)
                                                     20.000    20.000 f  
    PS7_X0Y0             PS7                          0.000    20.000 f  design_1_i/ps7_0/inst/PS7_i/FCLKCLK[1]
                         net (fo=1, routed)           1.088    21.088    design_1_i/ps7_0/inst/FCLK_CLK_unbuffered[1]
    BUFGCTRL_X0Y17       BUFG (Prop_bufg_I_O)         0.091    21.179 f  design_1_i/ps7_0/inst/buffer_fclk_clk_1.FCLK_CLK_1_BUFG/O
                         net (fo=1, routed)           1.493    22.673    design_1_i/tftlcd_axi_0/inst/lcd_clk
    SLICE_X49Y46         FDCE                                         r  design_1_i/tftlcd_axi_0/inst/opclk_reg/C  (IS_INVERTED)
                         clock pessimism              0.000    22.673    
                         clock uncertainty           -0.619    22.053    
    SLICE_X49Y46         FDCE (Recov_fdce_C_CLR)     -0.402    21.651    design_1_i/tftlcd_axi_0/inst/opclk_reg
  -------------------------------------------------------------------
                         required time                         21.651    
                         arrival time                         -17.199    
  -------------------------------------------------------------------
                         slack                                  4.452    





Min Delay Paths
--------------------------------------------------------------------------------------
Slack (MET) :             0.868ns  (arrival time - required time)
  Source:                 design_1_i/rst_ps7_0_100M/U0/ACTIVE_LOW_PR_OUT_DFF[0].FDRE_PER_N/C
                            (rising edge-triggered cell FDRE clocked by clk_fpga_0  {rise@0.000ns fall@5.000ns period=10.000ns})
  Destination:            design_1_i/tftlcd_axi_0/inst/opclk_reg/CLR
                            (removal check against rising-edge clock clk_fpga_1  {rise@0.000ns fall@20.000ns period=40.000ns})
  Path Group:             **async_default**
  Path Type:              Removal (Min at Fast Process Corner)
  Requirement:            0.000ns  (clk_fpga_1 fall@20.000ns - clk_fpga_0 rise@20.000ns)
  Data Path Delay:        1.718ns  (logic 0.186ns (10.829%)  route 1.532ns (89.171%))
  Logic Levels:           1  (LUT1=1)
  Clock Path Skew:        0.315ns (DCD - SCD - CPR)
    Destination Clock Delay (DCD):    1.195ns = ( 21.195 - 20.000 ) 
    Source Clock Delay      (SCD):    0.880ns = ( 20.880 - 20.000 ) 
    Clock Pessimism Removal (CPR):    -0.000ns
  Clock Uncertainty:      0.619ns  ((TSJ^2 + TIJ^2)^1/2 + DJ) / 2 + PE
    Total System Jitter     (TSJ):    0.071ns
    Total Input Jitter      (TIJ):    1.237ns
    Discrete Jitter          (DJ):    0.000ns
    Phase Error              (PE):    0.000ns
  Clock Domain Crossing:  Inter clock paths are considered valid unless explicitly excluded by timing constraints such as set_clock_groups or set_false_path.

    Location             Delay type                Incr(ns)  Path(ns)    Netlist Resource(s)
  -------------------------------------------------------------------    -------------------
                         (clock clk_fpga_0 rise edge)
                                                     20.000    20.000 r  
    PS7_X0Y0             PS7                          0.000    20.000 r  design_1_i/ps7_0/inst/PS7_i/FCLKCLK[0]
                         net (fo=1, routed)           0.310    20.310    design_1_i/ps7_0/inst/FCLK_CLK_unbuffered[0]
    BUFGCTRL_X0Y16       BUFG (Prop_bufg_I_O)         0.026    20.336 r  design_1_i/ps7_0/inst/buffer_fclk_clk_0.FCLK_CLK_0_BUFG/O
                         net (fo=3842, routed)        0.544    20.880    design_1_i/rst_ps7_0_100M/U0/slowest_sync_clk
    SLICE_X37Y76         FDRE                                         r  design_1_i/rst_ps7_0_100M/U0/ACTIVE_LOW_PR_OUT_DFF[0].FDRE_PER_N/C
  -------------------------------------------------------------------    -------------------
    SLICE_X37Y76         FDRE (Prop_fdre_C_Q)         0.141    21.021 r  design_1_i/rst_ps7_0_100M/U0/ACTIVE_LOW_PR_OUT_DFF[0].FDRE_PER_N/Q
                         net (fo=11, routed)          0.666    21.686    design_1_i/tftlcd_axi_0/inst/s_axi_aresetn
    SLICE_X34Y67         LUT1 (Prop_lut1_I0_O)        0.045    21.731 f  design_1_i/tftlcd_axi_0/inst/s_axi_awready_i_1/O
                         net (fo=142, routed)         0.866    22.597    design_1_i/tftlcd_axi_0/inst/s_axi_awready_i_1_n_0
    SLICE_X49Y46         FDCE                                         f  design_1_i/tftlcd_axi_0/inst/opclk_reg/CLR
  -------------------------------------------------------------------    -------------------

                         (clock clk_fpga_1 fall edge)
                                                     20.000    20.000 f  
    PS7_X0Y0             PS7                          0.000    20.000 f  design_1_i/ps7_0/inst/PS7_i/FCLKCLK[1]
                         net (fo=1, routed)           0.337    20.337    design_1_i/ps7_0/inst/FCLK_CLK_unbuffered[1]
    BUFGCTRL_X0Y17       BUFG (Prop_bufg_I_O)         0.029    20.366 f  design_1_i/ps7_0/inst/buffer_fclk_clk_1.FCLK_CLK_1_BUFG/O
                         net (fo=1, routed)           0.829    21.195    design_1_i/tftlcd_axi_0/inst/lcd_clk
    SLICE_X49Y46         FDCE                                         r  design_1_i/tftlcd_axi_0/inst/opclk_reg/C  (IS_INVERTED)
                         clock pessimism              0.000    21.195    
                         clock uncertainty            0.619    21.814    
    SLICE_X49Y46         FDCE (Remov_fdce_C_CLR)     -0.085    21.729    design_1_i/tftlcd_axi_0/inst/opclk_reg
  -------------------------------------------------------------------
                         required time                        -21.729    
                         arrival time                          22.597    
  -------------------------------------------------------------------
                         slack                                  0.868    





