

================================================================
== Vivado HLS Report for 'CNN_ALU_Top'
================================================================
* Date:           Thu May 14 23:20:12 2026

* Version:        2019.1 (Build 2552052 on Fri May 24 15:28:33 MDT 2019)
* Project:        cnn_alu_hls_prj
* Solution:       solution1
* Product family: zynq
* Target device:  xc7z020-clg484-1


================================================================
== Performance Estimates
================================================================
+ Timing (ns): 
    * Summary: 
    +--------+-------+----------+------------+
    |  Clock | Target| Estimated| Uncertainty|
    +--------+-------+----------+------------+
    |ap_clk  |  10.00|     8.510|        1.25|
    +--------+-------+----------+------------+

+ Latency (clock cycles): 
    * Summary: 
    +-----+-----+-----+-----+---------+
    |  Latency  |  Interval | Pipeline|
    | min | max | min | max |   Type  |
    +-----+-----+-----+-----+---------+
    |    1|   11|    1|   11|   none  |
    +-----+-----+-----+-----+---------+

    + Detail: 
        * Instance: 
        N/A

        * Loop: 
        +------------+-----+-----+----------+-----------+-----------+------+----------+
        |            |  Latency  | Iteration|  Initiation Interval  | Trip |          |
        |  Loop Name | min | max |  Latency |  achieved |   target  | Count| Pipelined|
        +------------+-----+-----+----------+-----------+-----------+------+----------+
        |- MAC_LOOP  |    8|    8|         2|          1|          1|     8|    yes   |
        |- MAC_LOOP  |    8|    8|         2|          1|          1|     8|    yes   |
        +------------+-----+-----+----------+-----------+-----------+------+----------+



================================================================
== Utilization Estimates
================================================================
* Summary: 
+-----------------+---------+-------+--------+-------+-----+
|       Name      | BRAM_18K| DSP48E|   FF   |  LUT  | URAM|
+-----------------+---------+-------+--------+-------+-----+
|DSP              |        -|      8|       -|      -|    -|
|Expression       |        -|      4|       0|    534|    -|
|FIFO             |        -|      -|       -|      -|    -|
|Instance         |        -|      -|       0|    630|    -|
|Memory           |        -|      -|       -|      -|    -|
|Multiplexer      |        -|      -|       -|    376|    -|
|Register         |        -|      -|    1334|      -|    -|
+-----------------+---------+-------+--------+-------+-----+
|Total            |        0|     12|    1334|   1540|    0|
+-----------------+---------+-------+--------+-------+-----+
|Available        |      280|    220|  106400|  53200|    0|
+-----------------+---------+-------+--------+-------+-----+
|Utilization (%)  |        0|      5|       1|      2|    0|
+-----------------+---------+-------+--------+-------+-----+

+ Detail: 
    * Instance: 
    +--------------------------+----------------------+---------+-------+---+----+-----+
    |         Instance         |        Module        | BRAM_18K| DSP48E| FF| LUT| URAM|
    +--------------------------+----------------------+---------+-------+---+----+-----+
    |CNN_ALU_Top_mux_3bkb_U1   |CNN_ALU_Top_mux_3bkb  |        0|      0|  0|  45|    0|
    |CNN_ALU_Top_mux_3bkb_U8   |CNN_ALU_Top_mux_3bkb  |        0|      0|  0|  45|    0|
    |CNN_ALU_Top_mux_8cud_U2   |CNN_ALU_Top_mux_8cud  |        0|      0|  0|  45|    0|
    |CNN_ALU_Top_mux_8cud_U3   |CNN_ALU_Top_mux_8cud  |        0|      0|  0|  45|    0|
    |CNN_ALU_Top_mux_8cud_U4   |CNN_ALU_Top_mux_8cud  |        0|      0|  0|  45|    0|
    |CNN_ALU_Top_mux_8cud_U5   |CNN_ALU_Top_mux_8cud  |        0|      0|  0|  45|    0|
    |CNN_ALU_Top_mux_8cud_U6   |CNN_ALU_Top_mux_8cud  |        0|      0|  0|  45|    0|
    |CNN_ALU_Top_mux_8cud_U7   |CNN_ALU_Top_mux_8cud  |        0|      0|  0|  45|    0|
    |CNN_ALU_Top_mux_8cud_U9   |CNN_ALU_Top_mux_8cud  |        0|      0|  0|  45|    0|
    |CNN_ALU_Top_mux_8cud_U10  |CNN_ALU_Top_mux_8cud  |        0|      0|  0|  45|    0|
    |CNN_ALU_Top_mux_8cud_U11  |CNN_ALU_Top_mux_8cud  |        0|      0|  0|  45|    0|
    |CNN_ALU_Top_mux_8cud_U12  |CNN_ALU_Top_mux_8cud  |        0|      0|  0|  45|    0|
    |CNN_ALU_Top_mux_8cud_U13  |CNN_ALU_Top_mux_8cud  |        0|      0|  0|  45|    0|
    |CNN_ALU_Top_mux_8cud_U14  |CNN_ALU_Top_mux_8cud  |        0|      0|  0|  45|    0|
    +--------------------------+----------------------+---------+-------+---+----+-----+
    |Total                     |                      |        0|      0|  0| 630|    0|
    +--------------------------+----------------------+---------+-------+---+----+-----+

    * DSP48E: 
    +--------------------------+----------------------+--------------+
    |         Instance         |        Module        |  Expression  |
    +--------------------------+----------------------+--------------+
    |CNN_ALU_Top_mac_mdEe_U15  |CNN_ALU_Top_mac_mdEe  | i0 * i1 + i2 |
    |CNN_ALU_Top_mac_mdEe_U16  |CNN_ALU_Top_mac_mdEe  | i0 * i1 + i2 |
    |CNN_ALU_Top_mac_mdEe_U17  |CNN_ALU_Top_mac_mdEe  | i0 * i1 + i2 |
    |CNN_ALU_Top_mac_mdEe_U18  |CNN_ALU_Top_mac_mdEe  | i0 * i1 + i2 |
    |CNN_ALU_Top_mac_mdEe_U19  |CNN_ALU_Top_mac_mdEe  | i0 * i1 + i2 |
    |CNN_ALU_Top_mac_mdEe_U20  |CNN_ALU_Top_mac_mdEe  | i0 * i1 + i2 |
    |CNN_ALU_Top_mac_mdEe_U21  |CNN_ALU_Top_mac_mdEe  | i0 * i1 + i2 |
    |CNN_ALU_Top_mac_mdEe_U22  |CNN_ALU_Top_mac_mdEe  | i0 * i1 + i2 |
    +--------------------------+----------------------+--------------+

    * Memory: 
    N/A

    * FIFO: 
    N/A

    * Expression: 
    +---------------------------+----------+-------+---+----+------------+------------+
    |       Variable Name       | Operation| DSP48E| FF| LUT| Bitwidth P0| Bitwidth P1|
    +---------------------------+----------+-------+---+----+------------+------------+
    |product_V_fu_686_p2        |     *    |      4|  0|  20|          32|          32|
    |add_ln68_1_fu_1753_p2      |     +    |      0|  0|  27|          20|          20|
    |add_ln68_2_fu_1763_p2      |     +    |      0|  0|  28|          21|          21|
    |add_ln68_fu_1743_p2        |     +    |      0|  0|  27|          20|          20|
    |add_ln700_1_fu_1508_p2     |     +    |      0|  0|  32|          32|          32|
    |add_ln700_2_fu_1487_p2     |     +    |      0|  0|  32|          32|          32|
    |add_ln700_3_fu_1492_p2     |     +    |      0|  0|  32|          20|          20|
    |add_ln700_4_fu_1498_p2     |     +    |      0|  0|  32|          20|          20|
    |add_ln700_fu_700_p2        |     +    |      0|  0|  39|          32|          32|
    |i_1_fu_1269_p2             |     +    |      0|  0|  13|           4|           1|
    |i_fu_1525_p2               |     +    |      0|  0|  13|           4|           1|
    |rounded_V_fu_1205_p2       |     +    |      0|  0|  71|          20|          64|
    |ap_condition_249           |    and   |      0|  0|   2|           1|           1|
    |ap_condition_308           |    and   |      0|  0|   2|           1|           1|
    |icmp_ln168_1_fu_1263_p2    |   icmp   |      0|  0|  11|           4|           5|
    |icmp_ln168_fu_1519_p2      |   icmp   |      0|  0|  11|           4|           5|
    |icmp_ln895_1_fu_726_p2     |   icmp   |      0|  0|  11|           8|           8|
    |icmp_ln895_2_fu_740_p2     |   icmp   |      0|  0|  11|           8|           8|
    |icmp_ln895_3_fu_1230_p2    |   icmp   |      0|  0|  18|          25|           1|
    |icmp_ln895_fu_712_p2       |   icmp   |      0|  0|  11|           8|           8|
    |icmp_ln899_fu_1200_p2      |   icmp   |      0|  0|  18|          32|           1|
    |or_ln899_fu_1244_p2        |    or    |      0|  0|   2|           1|           1|
    |final_max_V_fu_746_p3      |  select  |      0|  0|   8|           1|           8|
    |max1_V_fu_718_p3           |  select  |      0|  0|   8|           1|           8|
    |max2_V_fu_732_p3           |  select  |      0|  0|   8|           1|           8|
    |select_ln899_1_fu_1250_p3  |  select  |      0|  0|  32|           1|          32|
    |select_ln899_fu_1236_p3    |  select  |      0|  0|   7|           1|           1|
    |ap_enable_pp0              |    xor   |      0|  0|   2|           1|           2|
    |ap_enable_pp1              |    xor   |      0|  0|   2|           1|           2|
    |ap_enable_reg_pp0_iter1    |    xor   |      0|  0|   2|           2|           1|
    |ap_enable_reg_pp1_iter1    |    xor   |      0|  0|   2|           2|           1|
    +---------------------------+----------+-------+---+----+------------+------------+
    |Total                      |          |      4|  0| 534|         360|         397|
    +---------------------------+----------+-------+---+----+------------+------------+

    * Multiplexer: 
    +-----------------------------------------+----+-----------+-----+-----------+
    |                   Name                  | LUT| Input Size| Bits| Total Bits|
    +-----------------------------------------+----+-----------+-----+-----------+
    |a_ptr                                    |  38|          7|    3|         21|
    |acc_reg_V                                |  33|          6|   32|        192|
    |ap_NS_fsm                                |  50|         11|    1|         11|
    |ap_enable_reg_pp0_iter1                  |  15|          3|    1|          3|
    |ap_enable_reg_pp1_iter1                  |  15|          3|    1|          3|
    |ap_phi_reg_pp0_iter1_phi_ln68_1_reg_320  |  44|          9|    8|         72|
    |ap_phi_reg_pp1_iter1_phi_ln68_reg_402    |  44|          9|    8|         72|
    |i_0_i172_reg_391                         |   9|          2|    4|          8|
    |i_0_i_reg_309                            |   9|          2|    4|          8|
    |p_0103_0_i171_reg_379                    |   9|          2|   19|         38|
    |p_0103_0_i_reg_297                       |   9|          2|   19|         38|
    |p_0107_0_i170_reg_367                    |   9|          2|   19|         38|
    |p_0107_0_i_reg_285                       |   9|          2|   19|         38|
    |p_0111_0_i169_reg_355                    |   9|          2|   19|         38|
    |p_0111_0_i_reg_273                       |   9|          2|   19|         38|
    |p_0217_0_i168_reg_343                    |   9|          2|   19|         38|
    |p_0217_0_i_reg_261                       |   9|          2|   19|         38|
    |rd_data_V                                |   9|          2|   32|         64|
    |w_ptr                                    |  38|          7|    3|         21|
    +-----------------------------------------+----+-----------+-----+-----------+
    |Total                                    | 376|         77|  249|        779|
    +-----------------------------------------+----+-----------+-----+-----------+

    * Register: 
    +-----------------------------------------+----+----+-----+-----------+
    |                   Name                  | FF | LUT| Bits| Const Bits|
    +-----------------------------------------+----+----+-----+-----------+
    |a_ptr                                    |   3|   0|    7|          4|
    |acc_reg_V                                |  32|   0|   32|          0|
    |acc_reg_V_load_reg_2147                  |  32|   0|   32|          0|
    |act_buf_V_0                              |   8|   0|    8|          0|
    |act_buf_V_0_load_reg_1997                |   8|   0|    8|          0|
    |act_buf_V_1                              |   8|   0|    8|          0|
    |act_buf_V_10                             |   8|   0|    8|          0|
    |act_buf_V_10_load_reg_2057               |   8|   0|    8|          0|
    |act_buf_V_11                             |   8|   0|    8|          0|
    |act_buf_V_11_load_reg_2063               |   8|   0|    8|          0|
    |act_buf_V_12                             |   8|   0|    8|          0|
    |act_buf_V_12_load_reg_2069               |   8|   0|    8|          0|
    |act_buf_V_13                             |   8|   0|    8|          0|
    |act_buf_V_13_load_reg_2075               |   8|   0|    8|          0|
    |act_buf_V_14                             |   8|   0|    8|          0|
    |act_buf_V_14_load_reg_2081               |   8|   0|    8|          0|
    |act_buf_V_15                             |   8|   0|    8|          0|
    |act_buf_V_15_load_reg_2087               |   8|   0|    8|          0|
    |act_buf_V_16                             |   8|   0|    8|          0|
    |act_buf_V_16_load_reg_2093               |   8|   0|    8|          0|
    |act_buf_V_17                             |   8|   0|    8|          0|
    |act_buf_V_17_load_reg_2099               |   8|   0|    8|          0|
    |act_buf_V_18                             |   8|   0|    8|          0|
    |act_buf_V_18_load_reg_2105               |   8|   0|    8|          0|
    |act_buf_V_19                             |   8|   0|    8|          0|
    |act_buf_V_19_load_reg_2111               |   8|   0|    8|          0|
    |act_buf_V_1_load_reg_2003                |   8|   0|    8|          0|
    |act_buf_V_2                              |   8|   0|    8|          0|
    |act_buf_V_20                             |   8|   0|    8|          0|
    |act_buf_V_20_load_reg_2117               |   8|   0|    8|          0|
    |act_buf_V_21                             |   8|   0|    8|          0|
    |act_buf_V_21_load_reg_2123               |   8|   0|    8|          0|
    |act_buf_V_22                             |   8|   0|    8|          0|
    |act_buf_V_22_load_reg_2129               |   8|   0|    8|          0|
    |act_buf_V_23                             |   8|   0|    8|          0|
    |act_buf_V_23_load_reg_2135               |   8|   0|    8|          0|
    |act_buf_V_24                             |   8|   0|    8|          0|
    |act_buf_V_24_load_reg_2141               |   8|   0|    8|          0|
    |act_buf_V_2_load_reg_2009                |   8|   0|    8|          0|
    |act_buf_V_3                              |   8|   0|    8|          0|
    |act_buf_V_3_load_reg_2015                |   8|   0|    8|          0|
    |act_buf_V_4                              |   8|   0|    8|          0|
    |act_buf_V_4_load_reg_2021                |   8|   0|    8|          0|
    |act_buf_V_5                              |   8|   0|    8|          0|
    |act_buf_V_5_load_reg_2027                |   8|   0|    8|          0|
    |act_buf_V_6                              |   8|   0|    8|          0|
    |act_buf_V_6_load_reg_2033                |   8|   0|    8|          0|
    |act_buf_V_7                              |   8|   0|    8|          0|
    |act_buf_V_7_load_reg_2039                |   8|   0|    8|          0|
    |act_buf_V_8                              |   8|   0|    8|          0|
    |act_buf_V_8_load_reg_2045                |   8|   0|    8|          0|
    |act_buf_V_9                              |   8|   0|    8|          0|
    |act_buf_V_9_load_reg_2051                |   8|   0|    8|          0|
    |add_ln700_1_reg_2240                     |  32|   0|   32|          0|
    |ap_CS_fsm                                |  10|   0|   10|          0|
    |ap_enable_reg_pp0_iter0                  |   1|   0|    1|          0|
    |ap_enable_reg_pp0_iter1                  |   1|   0|    1|          0|
    |ap_enable_reg_pp1_iter0                  |   1|   0|    1|          0|
    |ap_enable_reg_pp1_iter1                  |   1|   0|    1|          0|
    |ap_phi_reg_pp0_iter1_phi_ln68_1_reg_320  |   8|   0|    8|          0|
    |ap_phi_reg_pp1_iter1_phi_ln68_reg_402    |   8|   0|    8|          0|
    |i_0_i172_reg_391                         |   4|   0|    4|          0|
    |i_0_i_reg_309                            |   4|   0|    4|          0|
    |icmp_ln168_1_reg_2172                    |   1|   0|    1|          0|
    |icmp_ln168_reg_2245                      |   1|   0|    1|          0|
    |p_0103_0_i171_reg_379                    |  19|   0|   19|          0|
    |p_0103_0_i_reg_297                       |  19|   0|   19|          0|
    |p_0107_0_i170_reg_367                    |  19|   0|   19|          0|
    |p_0107_0_i_reg_285                       |  19|   0|   19|          0|
    |p_0111_0_i169_reg_355                    |  19|   0|   19|          0|
    |p_0111_0_i_reg_273                       |  19|   0|   19|          0|
    |p_0217_0_i168_reg_343                    |  19|   0|   19|          0|
    |p_0217_0_i_reg_261                       |  19|   0|   19|          0|
    |phi_ln68_10_reg_2283                     |   8|   0|    8|          0|
    |phi_ln68_11_reg_2205                     |   8|   0|    8|          0|
    |phi_ln68_12_reg_2288                     |   8|   0|    8|          0|
    |phi_ln68_13_reg_2210                     |   8|   0|    8|          0|
    |phi_ln68_14_reg_2215                     |   8|   0|    8|          0|
    |phi_ln68_2_reg_2258                      |   8|   0|    8|          0|
    |phi_ln68_3_reg_2185                      |   8|   0|    8|          0|
    |phi_ln68_4_reg_2263                      |   8|   0|    8|          0|
    |phi_ln68_5_reg_2190                      |   8|   0|    8|          0|
    |phi_ln68_6_reg_2268                      |   8|   0|    8|          0|
    |phi_ln68_7_reg_2195                      |   8|   0|    8|          0|
    |phi_ln68_8_reg_2273                      |   8|   0|    8|          0|
    |phi_ln68_9_reg_2200                      |   8|   0|    8|          0|
    |phi_ln68_s_reg_2278                      |   8|   0|    8|          0|
    |product_V_reg_2153                       |  64|   0|   64|          0|
    |rd_data_V_preg                           |  32|   0|   32|          0|
    |select_ln899_1_reg_2167                  |  32|   0|   32|          0|
    |w_ptr                                    |   3|   0|    7|          4|
    |weight_buf_V_0                           |   8|   0|    8|          0|
    |weight_buf_V_0_load_reg_1847             |   8|   0|    8|          0|
    |weight_buf_V_1                           |   8|   0|    8|          0|
    |weight_buf_V_10                          |   8|   0|    8|          0|
    |weight_buf_V_10_load_reg_1907            |   8|   0|    8|          0|
    |weight_buf_V_11                          |   8|   0|    8|          0|
    |weight_buf_V_11_load_reg_1913            |   8|   0|    8|          0|
    |weight_buf_V_12                          |   8|   0|    8|          0|
    |weight_buf_V_12_load_reg_1919            |   8|   0|    8|          0|
    |weight_buf_V_13                          |   8|   0|    8|          0|
    |weight_buf_V_13_load_reg_1925            |   8|   0|    8|          0|
    |weight_buf_V_14                          |   8|   0|    8|          0|
    |weight_buf_V_14_load_reg_1931            |   8|   0|    8|          0|
    |weight_buf_V_15                          |   8|   0|    8|          0|
    |weight_buf_V_15_load_reg_1937            |   8|   0|    8|          0|
    |weight_buf_V_16                          |   8|   0|    8|          0|
    |weight_buf_V_16_load_reg_1943            |   8|   0|    8|          0|
    |weight_buf_V_17                          |   8|   0|    8|          0|
    |weight_buf_V_17_load_reg_1949            |   8|   0|    8|          0|
    |weight_buf_V_18                          |   8|   0|    8|          0|
    |weight_buf_V_18_load_reg_1955            |   8|   0|    8|          0|
    |weight_buf_V_19                          |   8|   0|    8|          0|
    |weight_buf_V_19_load_reg_1961            |   8|   0|    8|          0|
    |weight_buf_V_1_load_reg_1853             |   8|   0|    8|          0|
    |weight_buf_V_2                           |   8|   0|    8|          0|
    |weight_buf_V_20                          |   8|   0|    8|          0|
    |weight_buf_V_20_load_reg_1967            |   8|   0|    8|          0|
    |weight_buf_V_21                          |   8|   0|    8|          0|
    |weight_buf_V_21_load_reg_1973            |   8|   0|    8|          0|
    |weight_buf_V_22                          |   8|   0|    8|          0|
    |weight_buf_V_22_load_reg_1979            |   8|   0|    8|          0|
    |weight_buf_V_23                          |   8|   0|    8|          0|
    |weight_buf_V_23_load_reg_1985            |   8|   0|    8|          0|
    |weight_buf_V_24                          |   8|   0|    8|          0|
    |weight_buf_V_24_load_reg_1991            |   8|   0|    8|          0|
    |weight_buf_V_2_load_reg_1859             |   8|   0|    8|          0|
    |weight_buf_V_3                           |   8|   0|    8|          0|
    |weight_buf_V_3_load_reg_1865             |   8|   0|    8|          0|
    |weight_buf_V_4                           |   8|   0|    8|          0|
    |weight_buf_V_4_load_reg_1871             |   8|   0|    8|          0|
    |weight_buf_V_5                           |   8|   0|    8|          0|
    |weight_buf_V_5_load_reg_1877             |   8|   0|    8|          0|
    |weight_buf_V_6                           |   8|   0|    8|          0|
    |weight_buf_V_6_load_reg_1883             |   8|   0|    8|          0|
    |weight_buf_V_7                           |   8|   0|    8|          0|
    |weight_buf_V_7_load_reg_1889             |   8|   0|    8|          0|
    |weight_buf_V_8                           |   8|   0|    8|          0|
    |weight_buf_V_8_load_reg_1895             |   8|   0|    8|          0|
    |weight_buf_V_9                           |   8|   0|    8|          0|
    |weight_buf_V_9_load_reg_1901             |   8|   0|    8|          0|
    +-----------------------------------------+----+----+-----+-----------+
    |Total                                    |1334|   0| 1342|          8|
    +-----------------------------------------+----+----+-----+-----------+



================================================================
== Interface
================================================================
* Summary: 
+------------+-----+-----+------------+--------------+--------------+
|  RTL Ports | Dir | Bits|  Protocol  | Source Object|    C Type    |
+------------+-----+-----+------------+--------------+--------------+
|ap_clk      |  in |    1| ap_ctrl_hs |  CNN_ALU_Top | return value |
|ap_rst      |  in |    1| ap_ctrl_hs |  CNN_ALU_Top | return value |
|ap_start    |  in |    1| ap_ctrl_hs |  CNN_ALU_Top | return value |
|ap_done     | out |    1| ap_ctrl_hs |  CNN_ALU_Top | return value |
|ap_idle     | out |    1| ap_ctrl_hs |  CNN_ALU_Top | return value |
|ap_ready    | out |    1| ap_ctrl_hs |  CNN_ALU_Top | return value |
|rs1_data_V  |  in |   32|   ap_none  |  rs1_data_V  |    scalar    |
|cnn_op_V    |  in |    4|   ap_none  |   cnn_op_V   |    scalar    |
|rd_data_V   | out |   32|   ap_none  |   rd_data_V  |    pointer   |
+------------+-----+-----+------------+--------------+--------------+

