Copyright 1986-2019 Xilinx, Inc. All Rights Reserved.
----------------------------------------------------------------------------------------------
| Tool Version : Vivado v.2019.1 (win64) Build 2552052 Fri May 24 14:49:42 MDT 2019
| Date         : Mon May 25 21:18:08 2026
| Host         : DESKTOP-4VGBGQK running 64-bit major release  (build 9200)
| Command      : report_timing_summary -file ./reports_ps_bd_impl/ps_bd_post_route_timing.rpt
| Design       : design_1_wrapper
| Device       : 7z020-clg484
| Speed File   : -1  PRODUCTION 1.11 2014-09-11
----------------------------------------------------------------------------------------------

Timing Summary Report

------------------------------------------------------------------------------------------------
| Timer Settings
| --------------
------------------------------------------------------------------------------------------------

  Enable Multi Corner Analysis               :  Yes
  Enable Pessimism Removal                   :  Yes
  Pessimism Removal Resolution               :  Nearest Common Node
  Enable Input Delay Default Clock           :  No
  Enable Preset / Clear Arcs                 :  No
  Disable Flight Delays                      :  No
  Ignore I/O Paths                           :  No
  Timing Early Launch at Borrowing Latches   :  No
  Borrow Time for Max Delay Exceptions       :  Yes

  Corner  Analyze    Analyze    
  Name    Max Paths  Min Paths  
  ------  ---------  ---------  
  Slow    Yes        Yes        
  Fast    Yes        Yes        



check_timing report

Table of Contents
-----------------
1. checking no_clock
2. checking constant_clock
3. checking pulse_width_clock
4. checking unconstrained_internal_endpoints
5. checking no_input_delay
6. checking no_output_delay
7. checking multiple_clock
8. checking generated_clocks
9. checking loops
10. checking partial_input_delay
11. checking partial_output_delay
12. checking latch_loops

1. checking no_clock
--------------------
 There are 0 register/latch pins with no clock.


2. checking constant_clock
--------------------------
 There are 0 register/latch pins with constant_clock.


3. checking pulse_width_clock
-----------------------------
 There are 0 register/latch pins which need pulse_width check


4. checking unconstrained_internal_endpoints
--------------------------------------------
 There are 0 pins that are not constrained for maximum delay.

 There are 0 pins that are not constrained for maximum delay due to constant clock.


5. checking no_input_delay
--------------------------
 There are 0 input ports with no input delay specified.

 There are 0 input ports with no input delay but user has a false path constraint.


6. checking no_output_delay
---------------------------
 There are 0 ports with no output delay specified.

 There are 0 ports with no output delay but user has a false path constraint

 There are 0 ports with no output delay but with a timing clock defined on it or propagating through it


7. checking multiple_clock
--------------------------
 There are 0 register/latch pins with multiple clocks.


8. checking generated_clocks
----------------------------
 There are 0 generated clocks that are not connected to a clock source.


9. checking loops
-----------------
 There are 0 combinational loops in the design.


10. checking partial_input_delay
--------------------------------
 There are 0 input ports with partial input delay specified.


11. checking partial_output_delay
---------------------------------
 There are 0 ports with partial output delay specified.


12. checking latch_loops
------------------------
 There are 0 combinational latch loops in the design through latch input



------------------------------------------------------------------------------------------------
| Design Timing Summary
| ---------------------
------------------------------------------------------------------------------------------------

    WNS(ns)      TNS(ns)  TNS Failing Endpoints  TNS Total Endpoints      WHS(ns)      THS(ns)  THS Failing Endpoints  THS Total Endpoints     WPWS(ns)     TPWS(ns)  TPWS Failing Endpoints  TPWS Total Endpoints  
    -------      -------  ---------------------  -------------------      -------      -------  ---------------------  -------------------     --------     --------  ----------------------  --------------------  
      0.066        0.000                      0                 9367        0.028        0.000                      0                 9367        4.020        0.000                       0                  3464  


All user specified timing constraints are met.


------------------------------------------------------------------------------------------------
| Clock Summary
| -------------
------------------------------------------------------------------------------------------------

Clock       Waveform(ns)       Period(ns)      Frequency(MHz)
-----       ------------       ----------      --------------
clk_fpga_0  {0.000 5.000}      10.000          100.000         


------------------------------------------------------------------------------------------------
| Intra Clock Table
| -----------------
------------------------------------------------------------------------------------------------

Clock             WNS(ns)      TNS(ns)  TNS Failing Endpoints  TNS Total Endpoints      WHS(ns)      THS(ns)  THS Failing Endpoints  THS Total Endpoints     WPWS(ns)     TPWS(ns)  TPWS Failing Endpoints  TPWS Total Endpoints  
-----             -------      -------  ---------------------  -------------------      -------      -------  ---------------------  -------------------     --------     --------  ----------------------  --------------------  
clk_fpga_0          0.066        0.000                      0                 9367        0.028        0.000                      0                 9367        4.020        0.000                       0                  3464  


------------------------------------------------------------------------------------------------
| Inter Clock Table
| -----------------
------------------------------------------------------------------------------------------------

From Clock    To Clock          WNS(ns)      TNS(ns)  TNS Failing Endpoints  TNS Total Endpoints      WHS(ns)      THS(ns)  THS Failing Endpoints  THS Total Endpoints  
----------    --------          -------      -------  ---------------------  -------------------      -------      -------  ---------------------  -------------------  


------------------------------------------------------------------------------------------------
| Other Path Groups Table
| -----------------------
------------------------------------------------------------------------------------------------

Path Group    From Clock    To Clock          WNS(ns)      TNS(ns)  TNS Failing Endpoints  TNS Total Endpoints      WHS(ns)      THS(ns)  THS Failing Endpoints  THS Total Endpoints  
----------    ----------    --------          -------      -------  ---------------------  -------------------      -------      -------  ---------------------  -------------------  


------------------------------------------------------------------------------------------------
| Timing Details
| --------------
------------------------------------------------------------------------------------------------


---------------------------------------------------------------------------------------------------
From Clock:  clk_fpga_0
  To Clock:  clk_fpga_0

Setup :            0  Failing Endpoints,  Worst Slack        0.066ns,  Total Violation        0.000ns
Hold  :            0  Failing Endpoints,  Worst Slack        0.028ns,  Total Violation        0.000ns
PW    :            0  Failing Endpoints,  Worst Slack        4.020ns,  Total Violation        0.000ns
---------------------------------------------------------------------------------------------------


Max Delay Paths
--------------------------------------------------------------------------------------
Slack (MET) :             0.066ns  (required time - arrival time)
  Source:                 design_1_i/rv32i_axi_0/inst/u_system/icpu/i_datapath/i_cnn_alu_top/grp_mac_pack4_delta_fu_441/ap_CS_fsm_reg[3]/C
                            (rising edge-triggered cell FDRE clocked by clk_fpga_0  {rise@0.000ns fall@5.000ns period=10.000ns})
  Destination:            design_1_i/rv32i_axi_0/inst/u_system/icpu/i_datapath/i_cnn_alu_top/p_0_reg_2381_reg[17]/D
                            (rising edge-triggered cell FDRE clocked by clk_fpga_0  {rise@0.000ns fall@5.000ns period=10.000ns})
  Path Group:             clk_fpga_0
  Path Type:              Setup (Max at Slow Process Corner)
  Requirement:            10.000ns  (clk_fpga_0 rise@10.000ns - clk_fpga_0 rise@0.000ns)
  Data Path Delay:        9.795ns  (logic 4.935ns (50.381%)  route 4.860ns (49.619%))
  Logic Levels:           14  (CARRY4=8 LUT2=2 LUT3=2 LUT4=1 LUT6=1)
  Clock Path Skew:        -0.046ns (DCD - SCD + CPR)
    Destination Clock Delay (DCD):    2.667ns = ( 12.667 - 10.000 ) 
    Source Clock Delay      (SCD):    2.943ns
    Clock Pessimism Removal (CPR):    0.230ns
  Clock Uncertainty:      0.154ns  ((TSJ^2 + TIJ^2)^1/2 + DJ) / 2 + PE
    Total System Jitter     (TSJ):    0.071ns
    Total Input Jitter      (TIJ):    0.300ns
    Discrete Jitter          (DJ):    0.000ns
    Phase Error              (PE):    0.000ns

    Location             Delay type                Incr(ns)  Path(ns)    Netlist Resource(s)
  -------------------------------------------------------------------    -------------------
                         (clock clk_fpga_0 rise edge)
                                                      0.000     0.000 r  
    PS7_X0Y0             PS7                          0.000     0.000 r  design_1_i/ps7_0/inst/PS7_i/FCLKCLK[0]
                         net (fo=1, routed)           1.193     1.193    design_1_i/ps7_0/inst/FCLK_CLK_unbuffered[0]
    BUFGCTRL_X0Y16       BUFG (Prop_bufg_I_O)         0.101     1.294 r  design_1_i/ps7_0/inst/buffer_fclk_clk_0.FCLK_CLK_0_BUFG/O
                         net (fo=3468, routed)        1.649     2.943    design_1_i/rv32i_axi_0/inst/u_system/icpu/i_datapath/i_cnn_alu_top/grp_mac_pack4_delta_fu_441/s_axi_aclk
    SLICE_X35Y25         FDRE                                         r  design_1_i/rv32i_axi_0/inst/u_system/icpu/i_datapath/i_cnn_alu_top/grp_mac_pack4_delta_fu_441/ap_CS_fsm_reg[3]/C
  -------------------------------------------------------------------    -------------------
    SLICE_X35Y25         FDRE (Prop_fdre_C_Q)         0.456     3.399 r  design_1_i/rv32i_axi_0/inst/u_system/icpu/i_datapath/i_cnn_alu_top/grp_mac_pack4_delta_fu_441/ap_CS_fsm_reg[3]/Q
                         net (fo=109, routed)         1.111     4.510    design_1_i/rv32i_axi_0/inst/u_system/icpu/i_datapath/i_cnn_alu_top/grp_mac_pack4_delta_fu_441/grp_mac_pack4_delta_fu_441_ap_ready
    SLICE_X31Y25         LUT3 (Prop_lut3_I1_O)        0.124     4.634 r  design_1_i/rv32i_axi_0/inst/u_system/icpu/i_datapath/i_cnn_alu_top/grp_mac_pack4_delta_fu_441/grp_fu_45_p2__30_carry_i_9/O
                         net (fo=11, routed)          0.730     5.364    design_1_i/rv32i_axi_0/inst/u_system/icpu/i_datapath/i_cnn_alu_top/grp_mac_pack4_delta_fu_441/B[5]
    SLICE_X30Y25         LUT6 (Prop_lut6_I4_O)        0.124     5.488 r  design_1_i/rv32i_axi_0/inst/u_system/icpu/i_datapath/i_cnn_alu_top/grp_mac_pack4_delta_fu_441/grp_fu_45_p2__30_carry_i_2/O
                         net (fo=2, routed)           0.719     6.207    design_1_i/rv32i_axi_0/inst/u_system/icpu/i_datapath/i_cnn_alu_top/grp_mac_pack4_delta_fu_441/grp_fu_45_p2__30_carry_i_2_n_2
    SLICE_X33Y25         CARRY4 (Prop_carry4_DI[2]_CO[3])
                                                      0.398     6.605 r  design_1_i/rv32i_axi_0/inst/u_system/icpu/i_datapath/i_cnn_alu_top/grp_mac_pack4_delta_fu_441/grp_fu_45_p2__30_carry/CO[3]
                         net (fo=1, routed)           0.000     6.605    design_1_i/rv32i_axi_0/inst/u_system/icpu/i_datapath/i_cnn_alu_top/grp_mac_pack4_delta_fu_441/grp_fu_45_p2__30_carry_n_2
    SLICE_X33Y26         CARRY4 (Prop_carry4_CI_O[0])
                                                      0.222     6.827 r  design_1_i/rv32i_axi_0/inst/u_system/icpu/i_datapath/i_cnn_alu_top/grp_mac_pack4_delta_fu_441/grp_fu_45_p2__30_carry__0/O[0]
                         net (fo=2, routed)           0.724     7.551    design_1_i/rv32i_axi_0/inst/u_system/icpu/i_datapath/i_cnn_alu_top/grp_mac_pack4_delta_fu_441/grp_fu_45_p2__30_carry__0_n_9
    SLICE_X35Y27         LUT3 (Prop_lut3_I1_O)        0.325     7.876 r  design_1_i/rv32i_axi_0/inst/u_system/icpu/i_datapath/i_cnn_alu_top/grp_mac_pack4_delta_fu_441/grp_fu_45_p2__86_carry__0_i_3/O
                         net (fo=2, routed)           0.469     8.344    design_1_i/rv32i_axi_0/inst/u_system/icpu/i_datapath/i_cnn_alu_top/grp_mac_pack4_delta_fu_441/grp_fu_45_p2__86_carry__0_i_3_n_2
    SLICE_X35Y27         LUT4 (Prop_lut4_I3_O)        0.326     8.670 r  design_1_i/rv32i_axi_0/inst/u_system/icpu/i_datapath/i_cnn_alu_top/grp_mac_pack4_delta_fu_441/grp_fu_45_p2__86_carry__0_i_7/O
                         net (fo=1, routed)           0.000     8.670    design_1_i/rv32i_axi_0/inst/u_system/icpu/i_datapath/i_cnn_alu_top/grp_mac_pack4_delta_fu_441/grp_fu_45_p2__86_carry__0_i_7_n_2
    SLICE_X35Y27         CARRY4 (Prop_carry4_S[1]_CO[3])
                                                      0.550     9.220 r  design_1_i/rv32i_axi_0/inst/u_system/icpu/i_datapath/i_cnn_alu_top/grp_mac_pack4_delta_fu_441/grp_fu_45_p2__86_carry__0/CO[3]
                         net (fo=1, routed)           0.000     9.220    design_1_i/rv32i_axi_0/inst/u_system/icpu/i_datapath/i_cnn_alu_top/grp_mac_pack4_delta_fu_441/grp_fu_45_p2__86_carry__0_n_2
    SLICE_X35Y28         CARRY4 (Prop_carry4_CI_O[0])
                                                      0.222     9.442 r  design_1_i/rv32i_axi_0/inst/u_system/icpu/i_datapath/i_cnn_alu_top/grp_mac_pack4_delta_fu_441/grp_fu_45_p2__86_carry__1/O[0]
                         net (fo=2, routed)           0.627    10.069    design_1_i/rv32i_axi_0/inst/u_system/icpu/i_datapath/i_cnn_alu_top/grp_mac_pack4_delta_fu_441/C[11]
    SLICE_X34Y29         LUT2 (Prop_lut2_I0_O)        0.299    10.368 r  design_1_i/rv32i_axi_0/inst/u_system/icpu/i_datapath/i_cnn_alu_top/grp_mac_pack4_delta_fu_441/add_ln1353_2_fu_206_p2_carry__1_i_1/O
                         net (fo=1, routed)           0.000    10.368    design_1_i/rv32i_axi_0/inst/u_system/icpu/i_datapath/i_cnn_alu_top/grp_mac_pack4_delta_fu_441/add_ln1353_2_fu_206_p2_carry__1_i_1_n_2
    SLICE_X34Y29         CARRY4 (Prop_carry4_S[3]_CO[3])
                                                      0.376    10.744 r  design_1_i/rv32i_axi_0/inst/u_system/icpu/i_datapath/i_cnn_alu_top/grp_mac_pack4_delta_fu_441/add_ln1353_2_fu_206_p2_carry__1/CO[3]
                         net (fo=1, routed)           0.000    10.744    design_1_i/rv32i_axi_0/inst/u_system/icpu/i_datapath/i_cnn_alu_top/grp_mac_pack4_delta_fu_441/add_ln1353_2_fu_206_p2_carry__1_n_2
    SLICE_X34Y30         CARRY4 (Prop_carry4_CI_O[1])
                                                      0.323    11.067 r  design_1_i/rv32i_axi_0/inst/u_system/icpu/i_datapath/i_cnn_alu_top/grp_mac_pack4_delta_fu_441/add_ln1353_2_fu_206_p2_carry__2/O[1]
                         net (fo=2, routed)           0.481    11.548    design_1_i/rv32i_axi_0/inst/u_system/icpu/i_datapath/i_cnn_alu_top/grp_mac_pack4_delta_fu_441/sext_ln1353_2_fu_212_p1[13]
    SLICE_X33Y32         LUT2 (Prop_lut2_I1_O)        0.306    11.854 r  design_1_i/rv32i_axi_0/inst/u_system/icpu/i_datapath/i_cnn_alu_top/grp_mac_pack4_delta_fu_441/ap_return_carry__2_i_3/O
                         net (fo=1, routed)           0.000    11.854    design_1_i/rv32i_axi_0/inst/u_system/icpu/i_datapath/i_cnn_alu_top/grp_mac_pack4_delta_fu_441/ap_return_carry__2_i_3_n_2
    SLICE_X33Y32         CARRY4 (Prop_carry4_S[1]_CO[3])
                                                      0.550    12.404 r  design_1_i/rv32i_axi_0/inst/u_system/icpu/i_datapath/i_cnn_alu_top/grp_mac_pack4_delta_fu_441/ap_return_carry__2/CO[3]
                         net (fo=1, routed)           0.000    12.404    design_1_i/rv32i_axi_0/inst/u_system/icpu/i_datapath/i_cnn_alu_top/grp_mac_pack4_delta_fu_441/ap_return_carry__2_n_2
    SLICE_X33Y33         CARRY4 (Prop_carry4_CI_O[1])
                                                      0.334    12.738 r  design_1_i/rv32i_axi_0/inst/u_system/icpu/i_datapath/i_cnn_alu_top/grp_mac_pack4_delta_fu_441/ap_return_carry__3/O[1]
                         net (fo=1, routed)           0.000    12.738    design_1_i/rv32i_axi_0/inst/u_system/icpu/i_datapath/i_cnn_alu_top/grp_mac_pack4_delta_fu_441_ap_return[17]
    SLICE_X33Y33         FDRE                                         r  design_1_i/rv32i_axi_0/inst/u_system/icpu/i_datapath/i_cnn_alu_top/p_0_reg_2381_reg[17]/D
  -------------------------------------------------------------------    -------------------

                         (clock clk_fpga_0 rise edge)
                                                     10.000    10.000 r  
    PS7_X0Y0             PS7                          0.000    10.000 r  design_1_i/ps7_0/inst/PS7_i/FCLKCLK[0]
                         net (fo=1, routed)           1.088    11.088    design_1_i/ps7_0/inst/FCLK_CLK_unbuffered[0]
    BUFGCTRL_X0Y16       BUFG (Prop_bufg_I_O)         0.091    11.179 r  design_1_i/ps7_0/inst/buffer_fclk_clk_0.FCLK_CLK_0_BUFG/O
                         net (fo=3468, routed)        1.488    12.667    design_1_i/rv32i_axi_0/inst/u_system/icpu/i_datapath/i_cnn_alu_top/s_axi_aclk
    SLICE_X33Y33         FDRE                                         r  design_1_i/rv32i_axi_0/inst/u_system/icpu/i_datapath/i_cnn_alu_top/p_0_reg_2381_reg[17]/C
                         clock pessimism              0.230    12.897    
                         clock uncertainty           -0.154    12.743    
    SLICE_X33Y33         FDRE (Setup_fdre_C_D)        0.062    12.805    design_1_i/rv32i_axi_0/inst/u_system/icpu/i_datapath/i_cnn_alu_top/p_0_reg_2381_reg[17]
  -------------------------------------------------------------------
                         required time                         12.805    
                         arrival time                         -12.738    
  -------------------------------------------------------------------
                         slack                                  0.066    





Min Delay Paths
--------------------------------------------------------------------------------------
Slack (MET) :             0.028ns  (arrival time - required time)
  Source:                 design_1_i/rv32i_axi_0/inst/u_system/icpu/i_datapath/i_cnn_alu_top/weight_buf_V_3_reg[4]/C
                            (rising edge-triggered cell FDRE clocked by clk_fpga_0  {rise@0.000ns fall@5.000ns period=10.000ns})
  Destination:            design_1_i/rv32i_axi_0/inst/u_system/icpu/i_datapath/i_cnn_alu_top/weight_buf_V_3_load_reg_2050_reg[4]/D
                            (rising edge-triggered cell FDRE clocked by clk_fpga_0  {rise@0.000ns fall@5.000ns period=10.000ns})
  Path Group:             clk_fpga_0
  Path Type:              Hold (Min at Fast Process Corner)
  Requirement:            0.000ns  (clk_fpga_0 rise@0.000ns - clk_fpga_0 rise@0.000ns)
  Data Path Delay:        0.349ns  (logic 0.141ns (40.361%)  route 0.208ns (59.639%))
  Logic Levels:           0  
  Clock Path Skew:        0.258ns (DCD - SCD - CPR)
    Destination Clock Delay (DCD):    1.186ns
    Source Clock Delay      (SCD):    0.893ns
    Clock Pessimism Removal (CPR):    0.035ns

    Location             Delay type                Incr(ns)  Path(ns)    Netlist Resource(s)
  -------------------------------------------------------------------    -------------------
                         (clock clk_fpga_0 rise edge)
                                                      0.000     0.000 r  
    PS7_X0Y0             PS7                          0.000     0.000 r  design_1_i/ps7_0/inst/PS7_i/FCLKCLK[0]
                         net (fo=1, routed)           0.310     0.310    design_1_i/ps7_0/inst/FCLK_CLK_unbuffered[0]
    BUFGCTRL_X0Y16       BUFG (Prop_bufg_I_O)         0.026     0.336 r  design_1_i/ps7_0/inst/buffer_fclk_clk_0.FCLK_CLK_0_BUFG/O
                         net (fo=3468, routed)        0.557     0.893    design_1_i/rv32i_axi_0/inst/u_system/icpu/i_datapath/i_cnn_alu_top/s_axi_aclk
    SLICE_X49Y35         FDRE                                         r  design_1_i/rv32i_axi_0/inst/u_system/icpu/i_datapath/i_cnn_alu_top/weight_buf_V_3_reg[4]/C
  -------------------------------------------------------------------    -------------------
    SLICE_X49Y35         FDRE (Prop_fdre_C_Q)         0.141     1.034 r  design_1_i/rv32i_axi_0/inst/u_system/icpu/i_datapath/i_cnn_alu_top/weight_buf_V_3_reg[4]/Q
                         net (fo=1, routed)           0.208     1.242    design_1_i/rv32i_axi_0/inst/u_system/icpu/i_datapath/i_cnn_alu_top/weight_buf_V_3[4]
    SLICE_X50Y36         FDRE                                         r  design_1_i/rv32i_axi_0/inst/u_system/icpu/i_datapath/i_cnn_alu_top/weight_buf_V_3_load_reg_2050_reg[4]/D
  -------------------------------------------------------------------    -------------------

                         (clock clk_fpga_0 rise edge)
                                                      0.000     0.000 r  
    PS7_X0Y0             PS7                          0.000     0.000 r  design_1_i/ps7_0/inst/PS7_i/FCLKCLK[0]
                         net (fo=1, routed)           0.337     0.337    design_1_i/ps7_0/inst/FCLK_CLK_unbuffered[0]
    BUFGCTRL_X0Y16       BUFG (Prop_bufg_I_O)         0.029     0.366 r  design_1_i/ps7_0/inst/buffer_fclk_clk_0.FCLK_CLK_0_BUFG/O
                         net (fo=3468, routed)        0.820     1.186    design_1_i/rv32i_axi_0/inst/u_system/icpu/i_datapath/i_cnn_alu_top/s_axi_aclk
    SLICE_X50Y36         FDRE                                         r  design_1_i/rv32i_axi_0/inst/u_system/icpu/i_datapath/i_cnn_alu_top/weight_buf_V_3_load_reg_2050_reg[4]/C
                         clock pessimism             -0.035     1.151    
    SLICE_X50Y36         FDRE (Hold_fdre_C_D)         0.063     1.214    design_1_i/rv32i_axi_0/inst/u_system/icpu/i_datapath/i_cnn_alu_top/weight_buf_V_3_load_reg_2050_reg[4]
  -------------------------------------------------------------------
                         required time                         -1.214    
                         arrival time                           1.242    
  -------------------------------------------------------------------
                         slack                                  0.028    





Pulse Width Checks
--------------------------------------------------------------------------------------
Clock Name:         clk_fpga_0
Waveform(ns):       { 0.000 5.000 }
Period(ns):         10.000
Sources:            { design_1_i/ps7_0/inst/PS7_i/FCLKCLK[0] }

Check Type        Corner  Lib Pin      Reference Pin  Required(ns)  Actual(ns)  Slack(ns)  Location      Pin
Min Period        n/a     DSP48E1/CLK  n/a            3.884         10.000      6.116      DSP48_X1Y11   design_1_i/rv32i_axi_0/inst/u_system/icpu/i_datapath/i_cnn_alu_top/product_V_1_reg_2339_reg__0/CLK
Low Pulse Width   Slow    SRLC32E/CLK  n/a            0.980         5.000       4.020      SLICE_X26Y71  design_1_i/axi_interconnect_0/s00_couplers/auto_pc/inst/gen_axilite.gen_b2s_conv.axilite_b2s/RD.r_channel_0/rd_data_fifo_0/memory_reg[31][13]_srl32/CLK
High Pulse Width  Slow    SRLC32E/CLK  n/a            0.980         5.000       4.020      SLICE_X26Y91  design_1_i/axi_interconnect_0/s00_couplers/auto_pc/inst/gen_axilite.gen_b2s_conv.axilite_b2s/RD.r_channel_0/transaction_fifo_0/memory_reg[31][11]_srl32/CLK



